[dotenv@17.3.1] injecting env (5) from .env -- tip: 🤖 agentic secret storage: https://dotenvx.com/as2
Server started on port 5000
MongoDB connected
[register] req.body: {
  email: 'debug7_1771445891@example.com',
  mobile: '+15550001771445891',
  password: 'Password!1',
  fullName: 'Debug User Seven'
}
[register] creating user payload: {
  name: 'Debug User Seven',
  email: 'debug7_1771445891@example.com',
  role: 'USER'
}
[register] user created: {
  id: new ObjectId('69961e834d750dbd1157c6ab'),
  email: 'debug7_1771445891@example.com',
  role: 'USER'
}
[register] creating JWT for user: 69961e834d750dbd1157c6ab
[register] JWT created successfully
